#
# There is insufficient memory for the Java Runtime Environment to continue.
# Native memory allocation (malloc) failed to allocate 262160 bytes for Chunk::new
# Possible reasons:
#   The system is out of physical RAM or swap space
#   In 32 bit mode, the process size limit was hit
# Possible solutions:
#   Reduce memory load on the system
#   Increase physical memory or swap space
#   Check if swap backing store is full
#   Use 64 bit Java on a 64 bit OS
#   Decrease Java heap size (-Xmx/-Xms)
#   Decrease number of Java threads
#   Decrease Java thread stack sizes (-Xss)
#   Set larger code cache with -XX:ReservedCodeCacheSize=
# This output file may be truncated or incomplete.
#
#  Out of Memory Error (allocation.cpp:390), pid=6108, tid=3908
#
# JRE version: Java(TM) SE Runtime Environment (8.0_91-b15) (build 1.8.0_91-b15)
# Java VM: Java HotSpot(TM) 64-Bit Server VM (25.91-b15 mixed mode windows-amd64 compressed oops)
# Failed to write core dump. Minidumps are not enabled by default on client versions of Windows
#

---------------  T H R E A D  ---------------

Current thread (0x0000000015802800):  JavaThread "C2 CompilerThread0" daemon [_thread_in_native, id=3908, stack(0x0000000017110000,0x0000000017210000)]

Stack: [0x0000000017110000,0x0000000017210000]
[error occurred during error reporting (printing stack bounds), id 0xc0000005]

Native frames: (J=compiled Java code, j=interpreted, Vv=VM code, C=native code)


Current CompileTask:
C2:   9775 1984       4       com.android.dx.rop.code.Rops::ropFor (771 bytes)


---------------  P R O C E S S  ---------------

Java Threads: ( => current thread )
  0x0000000016e99800 JavaThread "pool-1-thread-1" [_thread_in_Java, id=10568, stack(0x000000001a2b0000,0x000000001a3b0000)]
  0x0000000016b70800 JavaThread "Service Thread" daemon [_thread_blocked, id=7608, stack(0x0000000017410000,0x0000000017510000)]
  0x000000001580e000 JavaThread "C1 CompilerThread2" daemon [_thread_blocked, id=8400, stack(0x0000000017310000,0x0000000017410000)]
  0x0000000015804800 JavaThread "C2 CompilerThread1" daemon [_thread_in_native, id=7364, stack(0x0000000017210000,0x0000000017310000)]
=>0x0000000015802800 JavaThread "C2 CompilerThread0" daemon [_thread_in_native, id=3908, stack(0x0000000017110000,0x0000000017210000)]
  0x0000000016b20800 JavaThread "Attach Listener" daemon [_thread_blocked, id=1736, stack(0x0000000017010000,0x0000000017110000)]
  0x00000000157be000 JavaThread "Signal Dispatcher" daemon [_thread_blocked, id=11920, stack(0x0000000016f10000,0x0000000017010000)]
  0x000000001579a000 JavaThread "Finalizer" daemon [_thread_blocked, id=10824, stack(0x0000000016a10000,0x0000000016b10000)]
  0x0000000015778800 JavaThread "Reference Handler" daemon [_thread_blocked, id=7124, stack(0x0000000016910000,0x0000000016a10000)]
  0x0000000002fdd800 JavaThread "main" [_thread_blocked, id=11344, stack(0x0000000002e80000,0x0000000002f80000)]

Other Threads:
  0x0000000015778000 VMThread [stack: 0x0000000016810000,0x0000000016910000] [id=164]
  0x0000000016b83800 WatcherThread [stack: 0x0000000017510000,0x0000000017610000] [id=1288]

VM state:not at safepoint (normal execution)

VM Mutex/Monitor currently owned by a thread: None

Heap:
 PSYoungGen      total 284160K, used 35816K [0x00000000eab00000, 0x00000000ff600000, 0x0000000100000000)
  eden space 253952K, 2% used [0x00000000eab00000,0x00000000eb081b40,0x00000000fa300000)
  from space 30208K, 99% used [0x00000000fc880000,0x00000000fe5f85b8,0x00000000fe600000)
  to   space 38400K, 0% used [0x00000000fa300000,0x00000000fa300000,0x00000000fc880000)
 ParOldGen       total 87552K, used 49049K [0x00000000c0000000, 0x00000000c5580000, 0x00000000eab00000)
  object space 87552K, 56% used [0x00000000c0000000,0x00000000c2fe6490,0x00000000c5580000)
 Metaspace       used 6938K, capacity 7512K, committed 7680K, reserved 1056768K
  class space    used 646K, capacity 656K, committed 768K, reserved 1048576K

Card table byte_map: [0x00000000124a0000,0x00000000126b0000] byte_map_base: 0x0000000011ea0000

Marking Bits: (ParMarkBitMap*) 0x00000000717b2f70
 Begin Bits: [0x0000000012c10000, 0x0000000013c10000)
 End Bits:   [0x0000000013c10000, 0x0000000014c10000)

Polling page: 0x0000000001470000

CodeCache: size=245760Kb used=9983Kb max_used=9994Kb free=235776Kb
 bounds [0x00000000030e0000, 0x0000000003ab0000, 0x00000000120e0000]
 total_blobs=2719 nmethods=2447 adapters=184
 compilation: enabled

Compilation events (10 events):
Event: 9.726 Thread 0x0000000015802800 nmethod 1974 0x0000000003aa9590 code [0x0000000003aa9700, 0x0000000003aa9ad8]
Event: 9.726 Thread 0x0000000015802800 2545       4       com.android.dx.dex.code.CstInsn::<init> (39 bytes)
Event: 9.728 Thread 0x0000000015802800 nmethod 2545 0x0000000003aa3b90 code [0x0000000003aa3ce0, 0x0000000003aa3e38]
Event: 9.728 Thread 0x0000000015802800 1770       4       com.android.dx.ssa.SsaConverter::needsNewSuccessor (53 bytes)
Event: 9.732 Thread 0x0000000015802800 nmethod 1770 0x0000000003aa9d50 code [0x0000000003aa9ea0, 0x0000000003aaa098]
Event: 9.732 Thread 0x0000000015802800 2284       4       java.util.TreeMap$ValueIterator::next (8 bytes)
Event: 9.734 Thread 0x0000000015802800 nmethod 2284 0x0000000003aaa410 code [0x0000000003aaa560, 0x0000000003aaa698]
Event: 9.734 Thread 0x0000000015802800 2443       4       com.android.dx.rop.code.RegisterSpecList::<init> (6 bytes)
Event: 9.736 Thread 0x0000000015802800 nmethod 2443 0x0000000003aaa850 code [0x0000000003aaa9a0, 0x0000000003aaaad8]
Event: 9.736 Thread 0x0000000015802800 1984       4       com.android.dx.rop.code.Rops::ropFor (771 bytes)

GC Heap History (10 events):
Event: 4.834 GC heap before
{Heap before GC invocations=4 (full 0):
 PSYoungGen      total 38400K, used 38395K [0x00000000eab00000, 0x00000000ef600000, 0x0000000100000000)
  eden space 33280K, 100% used [0x00000000eab00000,0x00000000ecb80000,0x00000000ecb80000)
  from space 5120K, 99% used [0x00000000ecb80000,0x00000000ed07eda0,0x00000000ed080000)
  to   space 5120K, 0% used [0x00000000ef100000,0x00000000ef100000,0x00000000ef600000)
 ParOldGen       total 87552K, used 9877K [0x00000000c0000000, 0x00000000c5580000, 0x00000000eab00000)
  object space 87552K, 11% used [0x00000000c0000000,0x00000000c09a54d8,0x00000000c5580000)
 Metaspace       used 6323K, capacity 7158K, committed 7296K, reserved 1056768K
  class space    used 608K, capacity 622K, committed 640K, reserved 1048576K
Event: 4.852 GC heap after
Heap after GC invocations=4 (full 0):
 PSYoungGen      total 71680K, used 5107K [0x00000000eab00000, 0x00000000ef600000, 0x0000000100000000)
  eden space 66560K, 0% used [0x00000000eab00000,0x00000000eab00000,0x00000000eec00000)
  from space 5120K, 99% used [0x00000000ef100000,0x00000000ef5fceb0,0x00000000ef600000)
  to   space 5120K, 0% used [0x00000000eec00000,0x00000000eec00000,0x00000000ef100000)
 ParOldGen       total 87552K, used 15385K [0x00000000c0000000, 0x00000000c5580000, 0x00000000eab00000)
  object space 87552K, 17% used [0x00000000c0000000,0x00000000c0f06528,0x00000000c5580000)
 Metaspace       used 6323K, capacity 7158K, committed 7296K, reserved 1056768K
  class space    used 608K, capacity 622K, committed 640K, reserved 1048576K
}
Event: 5.653 GC heap before
{Heap before GC invocations=5 (full 0):
 PSYoungGen      total 71680K, used 71667K [0x00000000eab00000, 0x00000000ef600000, 0x0000000100000000)
  eden space 66560K, 100% used [0x00000000eab00000,0x00000000eec00000,0x00000000eec00000)
  from space 5120K, 99% used [0x00000000ef100000,0x00000000ef5fceb0,0x00000000ef600000)
  to   space 5120K, 0% used [0x00000000eec00000,0x00000000eec00000,0x00000000ef100000)
 ParOldGen       total 87552K, used 15385K [0x00000000c0000000, 0x00000000c5580000, 0x00000000eab00000)
  object space 87552K, 17% used [0x00000000c0000000,0x00000000c0f06528,0x00000000c5580000)
 Metaspace       used 6421K, capacity 7158K, committed 7296K, reserved 1056768K
  class space    used 608K, capacity 622K, committed 640K, reserved 1048576K
Event: 5.696 GC heap after
Heap after GC invocations=5 (full 0):
 PSYoungGen      total 71680K, used 5097K [0x00000000eab00000, 0x00000000f4f00000, 0x0000000100000000)
  eden space 66560K, 0% used [0x00000000eab00000,0x00000000eab00000,0x00000000eec00000)
  from space 5120K, 99% used [0x00000000eec00000,0x00000000ef0fa6f0,0x00000000ef100000)
  to   space 17408K, 0% used [0x00000000f3e00000,0x00000000f3e00000,0x00000000f4f00000)
 ParOldGen       total 87552K, used 26053K [0x00000000c0000000, 0x00000000c5580000, 0x00000000eab00000)
  object space 87552K, 29% used [0x00000000c0000000,0x00000000c1971480,0x00000000c5580000)
 Metaspace       used 6421K, capacity 7158K, committed 7296K, reserved 1056768K
  class space    used 608K, capacity 622K, committed 640K, reserved 1048576K
}
Event: 6.340 GC heap before
{Heap before GC invocations=6 (full 0):
 PSYoungGen      total 71680K, used 71657K [0x00000000eab00000, 0x00000000f4f00000, 0x0000000100000000)
  eden space 66560K, 100% used [0x00000000eab00000,0x00000000eec00000,0x00000000eec00000)
  from space 5120K, 99% used [0x00000000eec00000,0x00000000ef0fa6f0,0x00000000ef100000)
  to   space 17408K, 0% used [0x00000000f3e00000,0x00000000f3e00000,0x00000000f4f00000)
 ParOldGen       total 87552K, used 26053K [0x00000000c0000000, 0x00000000c5580000, 0x00000000eab00000)
  object space 87552K, 29% used [0x00000000c0000000,0x00000000c1971480,0x00000000c5580000)
 Metaspace       used 6446K, capacity 7222K, committed 7296K, reserved 1056768K
  class space    used 608K, capacity 622K, committed 640K, reserved 1048576K
Event: 6.379 GC heap after
Heap after GC invocations=6 (full 0):
 PSYoungGen      total 148480K, used 15882K [0x00000000eab00000, 0x00000000f5300000, 0x0000000100000000)
  eden space 131072K, 0% used [0x00000000eab00000,0x00000000eab00000,0x00000000f2b00000)
  from space 17408K, 91% used [0x00000000f3e00000,0x00000000f4d82880,0x00000000f4f00000)
  to   space 19456K, 0% used [0x00000000f2b00000,0x00000000f2b00000,0x00000000f3e00000)
 ParOldGen       total 87552K, used 26053K [0x00000000c0000000, 0x00000000c5580000, 0x00000000eab00000)
  object space 87552K, 29% used [0x00000000c0000000,0x00000000c1971480,0x00000000c5580000)
 Metaspace       used 6446K, capacity 7222K, committed 7296K, reserved 1056768K
  class space    used 608K, capacity 622K, committed 640K, reserved 1048576K
}
Event: 7.241 GC heap before
{Heap before GC invocations=7 (full 0):
 PSYoungGen      total 148480K, used 146954K [0x00000000eab00000, 0x00000000f5300000, 0x0000000100000000)
  eden space 131072K, 100% used [0x00000000eab00000,0x00000000f2b00000,0x00000000f2b00000)
  from space 17408K, 91% used [0x00000000f3e00000,0x00000000f4d82880,0x00000000f4f00000)
  to   space 19456K, 0% used [0x00000000f2b00000,0x00000000f2b00000,0x00000000f3e00000)
 ParOldGen       total 87552K, used 26053K [0x00000000c0000000, 0x00000000c5580000, 0x00000000eab00000)
  object space 87552K, 29% used [0x00000000c0000000,0x00000000c1971480,0x00000000c5580000)
 Metaspace       used 6591K, capacity 7256K, committed 7424K, reserved 1056768K
  class space    used 627K, capacity 656K, committed 768K, reserved 1048576K
Event: 7.315 GC heap after
Heap after GC invocations=7 (full 0):
 PSYoungGen      total 150528K, used 19440K [0x00000000eab00000, 0x00000000fe600000, 0x0000000100000000)
  eden space 131072K, 0% used [0x00000000eab00000,0x00000000eab00000,0x00000000f2b00000)
  from space 19456K, 99% used [0x00000000f2b00000,0x00000000f3dfc070,0x00000000f3e00000)
  to   space 30208K, 0% used [0x00000000fc880000,0x00000000fc880000,0x00000000fe600000)
 ParOldGen       total 87552K, used 41878K [0x00000000c0000000, 0x00000000c5580000, 0x00000000eab00000)
  object space 87552K, 47% used [0x00000000c0000000,0x00000000c28e5928,0x00000000c5580000)
 Metaspace       used 6591K, capacity 7256K, committed 7424K, reserved 1056768K
  class space    used 627K, capacity 656K, committed 768K, reserved 1048576K
}
Event: 9.355 GC heap before
{Heap before GC invocations=8 (full 0):
 PSYoungGen      total 150528K, used 150512K [0x00000000eab00000, 0x00000000fe600000, 0x0000000100000000)
  eden space 131072K, 100% used [0x00000000eab00000,0x00000000f2b00000,0x00000000f2b00000)
  from space 19456K, 99% used [0x00000000f2b00000,0x00000000f3dfc070,0x00000000f3e00000)
  to   space 30208K, 0% used [0x00000000fc880000,0x00000000fc880000,0x00000000fe600000)
 ParOldGen       total 87552K, used 41878K [0x00000000c0000000, 0x00000000c5580000, 0x00000000eab00000)
  object space 87552K, 47% used [0x00000000c0000000,0x00000000c28e5928,0x00000000c5580000)
 Metaspace       used 6923K, capacity 7512K, committed 7680K, reserved 1056768K
  class space    used 646K, capacity 656K, committed 768K, reserved 1048576K
Event: 9.477 GC heap after
Heap after GC invocations=8 (full 0):
 PSYoungGen      total 284160K, used 30177K [0x00000000eab00000, 0x00000000ff600000, 0x0000000100000000)
  eden space 253952K, 0% used [0x00000000eab00000,0x00000000eab00000,0x00000000fa300000)
  from space 30208K, 99% used [0x00000000fc880000,0x00000000fe5f85b8,0x00000000fe600000)
  to   space 38400K, 0% used [0x00000000fa300000,0x00000000fa300000,0x00000000fc880000)
 ParOldGen       total 87552K, used 49049K [0x00000000c0000000, 0x00000000c5580000, 0x00000000eab00000)
  object space 87552K, 56% used [0x00000000c0000000,0x00000000c2fe6490,0x00000000c5580000)
 Metaspace       used 6923K, capacity 7512K, committed 7680K, reserved 1056768K
  class space    used 646K, capacity 656K, committed 768K, reserved 1048576K
}

Deoptimization events (10 events):
Event: 8.394 Thread 0x0000000016e99800 Uncommon trap: reason=class_check action=maybe_recompile pc=0x0000000003641008 method=java.util.Arrays.hashCode([Ljava/lang/Object;)I @ 43
Event: 8.394 Thread 0x0000000016e99800 Uncommon trap: reason=class_check action=maybe_recompile pc=0x0000000003641008 method=java.util.Arrays.hashCode([Ljava/lang/Object;)I @ 43
Event: 8.394 Thread 0x0000000016e99800 Uncommon trap: reason=class_check action=maybe_recompile pc=0x0000000003641008 method=java.util.Arrays.hashCode([Ljava/lang/Object;)I @ 43
Event: 8.394 Thread 0x0000000016e99800 Uncommon trap: reason=class_check action=maybe_recompile pc=0x000000000363fc68 method=java.util.Arrays.hashCode([Ljava/lang/Object;)I @ 43
Event: 8.464 Thread 0x0000000016e99800 Uncommon trap: reason=class_check action=maybe_recompile pc=0x00000000035b7388 method=java.util.HashMap.putVal(ILjava/lang/Object;Ljava/lang/Object;ZZ)Ljava/lang/Object; @ 203
Event: 9.041 Thread 0x0000000016e99800 Uncommon trap: reason=speculate_class_check action=maybe_recompile pc=0x0000000003482fe4 method=com.android.dx.util.FixedSizeList.equals(Ljava/lang/Object;)Z @ 25
Event: 9.041 Thread 0x0000000016e99800 Uncommon trap: reason=speculate_class_check action=maybe_recompile pc=0x0000000003482fe4 method=com.android.dx.util.FixedSizeList.equals(Ljava/lang/Object;)Z @ 25
Event: 9.041 Thread 0x0000000016e99800 Uncommon trap: reason=speculate_class_check action=maybe_recompile pc=0x0000000003482fe4 method=com.android.dx.util.FixedSizeList.equals(Ljava/lang/Object;)Z @ 25
Event: 9.042 Thread 0x0000000016e99800 Uncommon trap: reason=speculate_class_check action=maybe_recompile pc=0x0000000003482fe4 method=com.android.dx.util.FixedSizeList.equals(Ljava/lang/Object;)Z @ 25
Event: 9.042 Thread 0x0000000016e99800 Uncommon trap: reason=unstable_if action=reinterpret pc=0x0000000003933f20 method=java.util.TreeMap.put(Ljava/lang/Object;Ljava/lang/Object;)Ljava/lang/Object; @ 163

Internal exceptions (8 events):
Event: 0.097 Thread 0x0000000002fdd800 Exception <a 'java/lang/NoSuchMethodError': Method sun.misc.Unsafe.defineClass(Ljava/lang/String;[BII)Ljava/lang/Class; name or signature does not match> (0x00000000eab07cc0) thrown at [C:\re\workspace\8-2-build-windows-amd64-cygwin\jdk8u91\7017\hotspot\srµoærÓ¸?
Event: 0.097 Thread 0x0000000002fdd800 Exception <a 'java/lang/NoSuchMethodError': Method sun.misc.Unsafe.prefetchRead(Ljava/lang/Object;J)V name or signature does not match> (0x00000000eab07fa8) thrown at [C:\re\workspace\8-2-build-windows-amd64-cygwin\jdk8u91\7017\hotspot\src\share\vm\prims\j6z«Ïí%æ?
Event: 0.692 Thread 0x0000000002fdd800 Exception <a 'java/io/FileNotFoundException'> (0x00000000eaba4f30) thrown at [C:\re\workspace\8-2-build-windows-amd64-cygwin\jdk8u91\7017\hotspot\src\share\vm\prims\jni.cpp, line 709]
Event: 3.329 Thread 0x0000000016ea1800 Implicit null exception at 0x0000000003454662 to 0x0000000003454761
Event: 6.042 Thread 0x0000000016ea1800 Implicit null exception at 0x000000000379b80e to 0x000000000379d2e5
Event: 6.467 Thread 0x0000000016ea3800 Exception <a 'java/lang/ArrayIndexOutOfBoundsException': 18> (0x00000000ebaa7b68) thrown at [C:\re\workspace\8-2-build-windows-amd64-cygwin\jdk8u91\7017\hotspot\src\share\vm\interpreter\interpreterRuntime.cpp, line 366]
Event: 6.467 Thread 0x0000000016ea3800 Exception <a 'java/lang/ArrayIndexOutOfBoundsException': 145> (0x00000000ebaa96e8) thrown at [C:\re\workspace\8-2-build-windows-amd64-cygwin\jdk8u91\7017\hotspot\src\share\vm\interpreter\interpreterRuntime.cpp, line 366]
Event: 6.469 Thread 0x0000000016ea3800 Exception <a 'java/lang/ArrayIndexOutOfBoundsException'> (0x00000000ebaaa9d0) thrown at [C:\re\workspace\8-2-build-windows-amd64-cygwin\jdk8u91\7017\hotspot\src\share\vm\runtime\sharedRuntime.cpp, line 605]

Events (10 events):
Event: 9.133 Thread 0x0000000016e99800 DEOPT PACKING pc=0x0000000003a0cfd1 sp=0x000000001a3ae980
Event: 9.133 Thread 0x0000000016e99800 DEOPT UNPACKING pc=0x000000000312787f sp=0x000000001a3ae708 mode 0
Event: 9.165 Thread 0x0000000016e99800 DEOPT PACKING pc=0x0000000003a130c9 sp=0x000000001a3ae7c0
Event: 9.165 Thread 0x0000000016e99800 DEOPT UNPACKING pc=0x000000000312787f sp=0x000000001a3ae5c8 mode 0
Event: 9.171 Thread 0x0000000016e99800 DEOPT PACKING pc=0x00000000039fa180 sp=0x000000001a3ae890
Event: 9.171 Thread 0x0000000016e99800 DEOPT UNPACKING pc=0x000000000312787f sp=0x000000001a3ae5b8 mode 0
Event: 9.355 Executing VM operation: ParallelGCFailedAllocation
Event: 9.477 Executing VM operation: ParallelGCFailedAllocation done
Event: 9.532 Thread 0x0000000016e99800 DEOPT PACKING pc=0x0000000003a02eb8 sp=0x000000001a3ae770
Event: 9.532 Thread 0x0000000016e99800 DEOPT UNPACKING pc=0x000000000312787f sp=0x000000001a3ae4f0 mode 0


Dynamic libraries:
0x00007ff6a5260000 - 0x00007ff6a5297000 	C:\Program Files\Java\jdk1.8.0_91\bin\java.exe
0x00007ffbe1c60000 - 0x00007ffbe1e21000 	C:\WINDOWS\SYSTEM32\ntdll.dll
0x00007ffbe0200000 - 0x00007ffbe02ad000 	C:\WINDOWS\system32\KERNEL32.DLL
0x00007ffbded70000 - 0x00007ffbdef58000 	C:\WINDOWS\system32\KERNELBASE.dll
0x00007ffbdf840000 - 0x00007ffbdf8e7000 	C:\WINDOWS\system32\ADVAPI32.dll
0x00007ffbdfb20000 - 0x00007ffbdfbbd000 	C:\WINDOWS\system32\msvcrt.dll
0x00007ffbdf8f0000 - 0x00007ffbdf94b000 	C:\WINDOWS\system32\sechost.dll
0x00007ffbdf470000 - 0x00007ffbdf58c000 	C:\WINDOWS\system32\RPCRT4.dll
0x00007ffbdf660000 - 0x00007ffbdf7b6000 	C:\WINDOWS\system32\USER32.dll
0x00007ffbe02b0000 - 0x00007ffbe0436000 	C:\WINDOWS\system32\GDI32.dll
0x00007ffbd6b00000 - 0x00007ffbd6d74000 	C:\WINDOWS\WinSxS\amd64_microsoft.windows.common-controls_6595b64144ccf1df_6.0.10586.589_none_a2ddb3caa539acce\COMCTL32.dll
0x00007ffbdf190000 - 0x00007ffbdf40d000 	C:\WINDOWS\system32\combase.dll
0x00007ffbded00000 - 0x00007ffbded6a000 	C:\WINDOWS\system32\bcryptPrimitives.dll
0x00007ffbe1c20000 - 0x00007ffbe1c5b000 	C:\WINDOWS\system32\IMM32.DLL
0x0000000070be0000 - 0x0000000070cb2000 	C:\Program Files\Java\jdk1.8.0_91\jre\bin\msvcr100.dll
0x0000000070fa0000 - 0x0000000071833000 	C:\Program Files\Java\jdk1.8.0_91\jre\bin\server\jvm.dll
0x00007ffbdf830000 - 0x00007ffbdf838000 	C:\WINDOWS\system32\PSAPI.DLL
0x00007ffbd37f0000 - 0x00007ffbd37f9000 	C:\WINDOWS\SYSTEM32\WSOCK32.dll
0x00007ffbdf7c0000 - 0x00007ffbdf82b000 	C:\WINDOWS\system32\WS2_32.dll
0x00007ffbdc570000 - 0x00007ffbdc593000 	C:\WINDOWS\SYSTEM32\WINMM.dll
0x00007ffbd54f0000 - 0x00007ffbd54fa000 	C:\WINDOWS\SYSTEM32\VERSION.dll
0x00007ffbdc510000 - 0x00007ffbdc53c000 	C:\WINDOWS\SYSTEM32\WINMMBASE.dll
0x00007ffbde380000 - 0x00007ffbde3c3000 	C:\WINDOWS\system32\cfgmgr32.dll
0x0000000071930000 - 0x000000007193f000 	C:\Program Files\Java\jdk1.8.0_91\jre\bin\verify.dll
0x0000000071900000 - 0x0000000071929000 	C:\Program Files\Java\jdk1.8.0_91\jre\bin\java.dll
0x00000000718e0000 - 0x00000000718f6000 	C:\Program Files\Java\jdk1.8.0_91\jre\bin\zip.dll
0x00007ffbe0640000 - 0x00007ffbe1b9c000 	C:\WINDOWS\system32\SHELL32.dll
0x00007ffbde6b0000 - 0x00007ffbdecf5000 	C:\WINDOWS\system32\windows.storage.dll
0x00007ffbe1bc0000 - 0x00007ffbe1c12000 	C:\WINDOWS\system32\shlwapi.dll
0x00007ffbde270000 - 0x00007ffbde27f000 	C:\WINDOWS\system32\kernel.appcore.dll
0x00007ffbdef60000 - 0x00007ffbdf015000 	C:\WINDOWS\system32\shcore.dll
0x00007ffbde280000 - 0x00007ffbde2cb000 	C:\WINDOWS\system32\powrprof.dll
0x00007ffbde2d0000 - 0x00007ffbde2e4000 	C:\WINDOWS\system32\profapi.dll

VM Arguments:
jvm_args: -Djava.awt.headless=true -Xmx1024M -Dfile.encoding=GBK -Duser.country=CN -Duser.language=zh -Duser.variant 
java_command: com.android.dx.command.Main --dex --force-jumbo --num-threads=4 --multi-dex --output E:\androidstudio\androidpara\Paipai\app\build\intermediates\transforms\dex\debug\folders\1000\10\com.android.support-support-v4-23.3.0_637d7b4b5c520ede14ab6346f25835c5fcfc21b4 E:\androidstudio\androidpara\Paipai\app\build\intermediates\exploded-aar\com.android.support\support-v4\23.3.0\jars\classes.jar
java_class_path (initial): E:\androidstudio\SDK\build-tools\23.0.3\lib\dx.jar
Launcher Type: SUN_STANDARD

Environment Variables:
JAVA_HOME=C:\Program Files\Java\jdk1.8.0_91
CLASSPATH=. ;C:\Program Files\Java\jre1.8.0_91\jre
PATH=%JAVA_HOME%C:\Program Files\Java\jdk1.7.0_75;C:\ProgramData\Oracle\Java\javapath;C:\Program Files (x86)\NVIDIA Corporation\PhysX\Common;C:\WINDOWS\system32;C:\WINDOWS;C:\WINDOWS\System32\Wbem;C:\WINDOWS\System32\WindowsPowerShell\v1.0\;C:\Program Files (x86)\ATI Technologies\ATI.ACE\Core-Static;C:\Program Files (x86)\Microsoft SQL Server\90\Tools\binn\;C:\Program Files (x86)\Common Files\Thunder Network\KanKan\Codecs;E:\androidstudio\bin;C:\Program Files\TortoiseSVN\bin;C:\Program Files\Java\jdk1.8.0_91\bin
USERNAME=Administrator
OS=Windows_NT
PROCESSOR_IDENTIFIER=Intel64 Family 6 Model 58 Stepping 9, GenuineIntel



---------------  S Y S T E M  ---------------

OS: Windows 10.0 , 64 bit Build 10586 (10.0.10586.589)

CPU:total 4 (2 cores per cpu, 2 threads per core) family 6 model 58 stepping 9, cmov, cx8, fxsr, mmx, sse, sse2, sse3, ssse3, sse4.1, sse4.2, popcnt, avx, aes, clmul, erms, ht, tsc, tscinvbit, tscinv

Memory: 4k page, physical 8281448k(1900344k free), swap 21388900k(4172k free)

vm_info: Java HotSpot(TM) 64-Bit Server VM (25.91-b15) for windows-amd64 JRE (1.8.0_91-b15), built on May 20 2016 17:43:15 by "java_re" with MS VC++ 10.0 (VS2010)

time: Mon Oct 17 21:18:42 2016
elapsed time: 9 seconds (0d 0h 0m 9s)

