#
# There is insufficient memory for the Java Runtime Environment to continue.
# Native memory allocation (malloc) failed to allocate 1048576 bytes for AllocateHeap
# Possible reasons:
#   The system is out of physical RAM or swap space
#   In 32 bit mode, the process size limit was hit
# Possible solutions:
#   Reduce memory load on the system
#   Increase physical memory or swap space
#   Check if swap backing store is full
#   Use 64 bit Java on a 64 bit OS
#   Decrease Java heap size (-Xmx/-Xms)
#   Decrease number of Java threads
#   Decrease Java thread stack sizes (-Xss)
#   Set larger code cache with -XX:ReservedCodeCacheSize=
# This output file may be truncated or incomplete.
#
#  Out of Memory Error (memory/allocation.inline.hpp:61), pid=6908, tid=3160
#
# JRE version:  (8.0_91-b15) (build )
# Java VM: Java HotSpot(TM) 64-Bit Server VM (25.91-b15 mixed mode windows-amd64 compressed oops)
# Failed to write core dump. Minidumps are not enabled by default on client versions of Windows
#

---------------  T H R E A D  ---------------

Current thread (0x00000000032dd800):  JavaThread "Unknown thread" [_thread_in_vm, id=3160, stack(0x0000000003100000,0x0000000003200000)]

Stack: [0x0000000003100000,0x0000000003200000]
[error occurred during error reporting (printing stack bounds), id 0xc0000005]

Native frames: (J=compiled Java code, j=interpreted, Vv=VM code, C=native code)


---------------  P R O C E S S  ---------------

Java Threads: ( => current thread )

Other Threads:

=>0x00000000032dd800 (exited) JavaThread "Unknown thread" [_thread_in_vm, id=3160, stack(0x0000000003100000,0x0000000003200000)]

VM state:not at safepoint (normal execution)

VM Mutex/Monitor currently owned by a thread: None

Heap:
 PSYoungGen      total 38400K, used 665K [0x00000000eab00000, 0x00000000ed580000, 0x0000000100000000)
  eden space 33280K, 2% used [0x00000000eab00000,0x00000000eaba6670,0x00000000ecb80000)
  from space 5120K, 0% used [0x00000000ed080000,0x00000000ed080000,0x00000000ed580000)
  to   space 5120K, 0% used [0x00000000ecb80000,0x00000000ecb80000,0x00000000ed080000)
 ParOldGen       total 87552K, used 0K [0x00000000c0000000, 0x00000000c5580000, 0x00000000eab00000)
  object space 87552K, 0% used [0x00000000c0000000,0x00000000c0000000,0x00000000c5580000)
 Metaspace       used 769K, capacity 4480K, committed 4480K, reserved 1056768K
  class space    used 75K, capacity 384K, committed 384K, reserved 1048576K

Card table byte_map: [0x00000000127a0000,0x00000000129b0000] byte_map_base: 0x00000000121a0000

Marking Bits: (ParMarkBitMap*) 0x00000000717b2f70
 Begin Bits: [0x0000000012f10000, 0x0000000013f10000)
 End Bits:   [0x0000000013f10000, 0x0000000014f10000)

Polling page: 0x0000000001250000

CodeCache: size=245760Kb used=328Kb max_used=328Kb free=245431Kb
 bounds [0x00000000033e0000, 0x0000000003650000, 0x00000000123e0000]
 total_blobs=58 nmethods=0 adapters=38
 compilation: enabled

Compilation events (0 events):
No events

GC Heap History (0 events):
No events

Deoptimization events (0 events):
No events

Internal exceptions (0 events):
No events

Events (10 events):
Event: 0.208 loading class java/lang/Short
Event: 0.208 loading class java/lang/Short done
Event: 0.208 loading class java/lang/Integer
Event: 0.208 loading class java/lang/Integer done
Event: 0.208 loading class java/lang/Long
Event: 0.208 loading class java/lang/Long done
Event: 0.252 loading class java/lang/NullPointerException
Event: 0.252 loading class java/lang/NullPointerException done
Event: 0.252 loading class java/lang/ArithmeticException
Event: 0.252 loading class java/lang/ArithmeticException done


Dynamic libraries:
0x00007ff6a5260000 - 0x00007ff6a5297000 	C:\Program Files\Java\jdk1.8.0_91\bin\java.exe
0x00007ffbe1c60000 - 0x00007ffbe1e21000 	C:\WINDOWS\SYSTEM32\ntdll.dll
0x00007ffbe0200000 - 0x00007ffbe02ad000 	C:\WINDOWS\system32\KERNEL32.DLL
0x00007ffbded70000 - 0x00007ffbdef58000 	C:\WINDOWS\system32\KERNELBASE.dll
0x00007ffbdf840000 - 0x00007ffbdf8e7000 	C:\WINDOWS\system32\ADVAPI32.dll
0x00007ffbdfb20000 - 0x00007ffbdfbbd000 	C:\WINDOWS\system32\msvcrt.dll
0x00007ffbdf8f0000 - 0x00007ffbdf94b000 	C:\WINDOWS\system32\sechost.dll
0x00007ffbdf470000 - 0x00007ffbdf58c000 	C:\WINDOWS\system32\RPCRT4.dll
0x00007ffbdf660000 - 0x00007ffbdf7b6000 	C:\WINDOWS\system32\USER32.dll
0x00007ffbe02b0000 - 0x00007ffbe0436000 	C:\WINDOWS\system32\GDI32.dll
0x00007ffbd6b00000 - 0x00007ffbd6d74000 	C:\WINDOWS\WinSxS\amd64_microsoft.windows.common-controls_6595b64144ccf1df_6.0.10586.589_none_a2ddb3caa539acce\COMCTL32.dll
0x00007ffbdf190000 - 0x00007ffbdf40d000 	C:\WINDOWS\system32\combase.dll
0x00007ffbded00000 - 0x00007ffbded6a000 	C:\WINDOWS\system32\bcryptPrimitives.dll
0x00007ffbe1c20000 - 0x00007ffbe1c5b000 	C:\WINDOWS\system32\IMM32.DLL
0x0000000070be0000 - 0x0000000070cb2000 	C:\Program Files\Java\jdk1.8.0_91\jre\bin\msvcr100.dll
0x0000000070fa0000 - 0x0000000071833000 	C:\Program Files\Java\jdk1.8.0_91\jre\bin\server\jvm.dll
0x00007ffbdf830000 - 0x00007ffbdf838000 	C:\WINDOWS\system32\PSAPI.DLL
0x00007ffbd37f0000 - 0x00007ffbd37f9000 	C:\WINDOWS\SYSTEM32\WSOCK32.dll
0x00007ffbdf7c0000 - 0x00007ffbdf82b000 	C:\WINDOWS\system32\WS2_32.dll
0x00007ffbdc570000 - 0x00007ffbdc593000 	C:\WINDOWS\SYSTEM32\WINMM.dll
0x00007ffbd54f0000 - 0x00007ffbd54fa000 	C:\WINDOWS\SYSTEM32\VERSION.dll
0x00007ffbdc510000 - 0x00007ffbdc53c000 	C:\WINDOWS\SYSTEM32\WINMMBASE.dll
0x00007ffbde380000 - 0x00007ffbde3c3000 	C:\WINDOWS\system32\cfgmgr32.dll
0x0000000071930000 - 0x000000007193f000 	C:\Program Files\Java\jdk1.8.0_91\jre\bin\verify.dll
0x0000000071900000 - 0x0000000071929000 	C:\Program Files\Java\jdk1.8.0_91\jre\bin\java.dll
0x00000000718e0000 - 0x00000000718f6000 	C:\Program Files\Java\jdk1.8.0_91\jre\bin\zip.dll

VM Arguments:
jvm_args: -Djava.awt.headless=true -Xmx1024M -Dfile.encoding=GBK -Duser.country=CN -Duser.language=zh -Duser.variant 
java_command: com.android.dx.command.Main --dex --force-jumbo --num-threads=4 --multi-dex --output E:\androidstudio\androidpara\Paipai\app\build\intermediates\transforms\dex\debug\folders\1000\10\instant-run_f434a68511eb30ed0970930823bc18b0feebe60c E:\androidstudio\androidpara\Paipai\app\build\intermediates\incremental-runtime-classes\debug\instant-run.jar
java_class_path (initial): E:\androidstudio\SDK\build-tools\23.0.3\lib\dx.jar
Launcher Type: SUN_STANDARD

Environment Variables:
JAVA_HOME=C:\Program Files\Java\jdk1.8.0_91
CLASSPATH=. ;C:\Program Files\Java\jre1.8.0_91\jre
PATH=%JAVA_HOME%C:\Program Files\Java\jdk1.7.0_75;C:\ProgramData\Oracle\Java\javapath;C:\Program Files (x86)\NVIDIA Corporation\PhysX\Common;C:\WINDOWS\system32;C:\WINDOWS;C:\WINDOWS\System32\Wbem;C:\WINDOWS\System32\WindowsPowerShell\v1.0\;C:\Program Files (x86)\ATI Technologies\ATI.ACE\Core-Static;C:\Program Files (x86)\Microsoft SQL Server\90\Tools\binn\;C:\Program Files (x86)\Common Files\Thunder Network\KanKan\Codecs;E:\androidstudio\bin;C:\Program Files\TortoiseSVN\bin;C:\Program Files\Java\jdk1.8.0_91\bin
USERNAME=Administrator
OS=Windows_NT
PROCESSOR_IDENTIFIER=Intel64 Family 6 Model 58 Stepping 9, GenuineIntel



---------------  S Y S T E M  ---------------

OS: Windows 10.0 , 64 bit Build 10586 (10.0.10586.589)

CPU:total 4 (2 cores per cpu, 2 threads per core) family 6 model 58 stepping 9, cmov, cx8, fxsr, mmx, sse, sse2, sse3, ssse3, sse4.1, sse4.2, popcnt, avx, aes, clmul, erms, ht, tsc, tscinvbit, tscinv

Memory: 4k page, physical 8281448k(1900404k free), swap 21388900k(5220k free)

vm_info: Java HotSpot(TM) 64-Bit Server VM (25.91-b15) for windows-amd64 JRE (1.8.0_91-b15), built on May 20 2016 17:43:15 by "java_re" with MS VC++ 10.0 (VS2010)

time: Mon Oct 17 21:18:42 2016
elapsed time: 0 seconds (0d 0h 0m 0s)

