#
# There is insufficient memory for the Java Runtime Environment to continue.
# Native memory allocation (malloc) failed to allocate 1088336 bytes for Chunk::new
# Possible reasons:
#   The system is out of physical RAM or swap space
#   In 32 bit mode, the process size limit was hit
# Possible solutions:
#   Reduce memory load on the system
#   Increase physical memory or swap space
#   Check if swap backing store is full
#   Use 64 bit Java on a 64 bit OS
#   Decrease Java heap size (-Xmx/-Xms)
#   Decrease number of Java threads
#   Decrease Java thread stack sizes (-Xss)
#   Set larger code cache with -XX:ReservedCodeCacheSize=
# This output file may be truncated or incomplete.
#
#  Out of Memory Error (allocation.cpp:390), pid=9132, tid=9296
#
# JRE version: Java(TM) SE Runtime Environment (8.0_91-b15) (build 1.8.0_91-b15)
# Java VM: Java HotSpot(TM) 64-Bit Server VM (25.91-b15 mixed mode windows-amd64 compressed oops)
# Failed to write core dump. Minidumps are not enabled by default on client versions of Windows
#

---------------  T H R E A D  ---------------

Current thread (0x000000001544c000):  JavaThread "C2 CompilerThread1" daemon [_thread_in_native, id=9296, stack(0x0000000016ea0000,0x0000000016fa0000)]

Stack: [0x0000000016ea0000,0x0000000016fa0000]
[error occurred during error reporting (printing stack bounds), id 0xc0000005]

Native frames: (J=compiled Java code, j=interpreted, Vv=VM code, C=native code)


Current CompileTask:
C2:   2139  965   !   4       com.android.dx.cf.code.BytecodeArray::parseInstruction (2764 bytes)


---------------  P R O C E S S  ---------------

Java Threads: ( => current thread )
  0x0000000016904800 JavaThread "pool-1-thread-1" [_thread_in_native, id=12100, stack(0x0000000018000000,0x0000000018100000)]
  0x0000000016833800 JavaThread "Service Thread" daemon [_thread_blocked, id=9636, stack(0x00000000170a0000,0x00000000171a0000)]
  0x00000000167aa800 JavaThread "C1 CompilerThread2" daemon [_thread_blocked, id=9776, stack(0x0000000016fa0000,0x00000000170a0000)]
=>0x000000001544c000 JavaThread "C2 CompilerThread1" daemon [_thread_in_native, id=9296, stack(0x0000000016ea0000,0x0000000016fa0000)]
  0x000000001544a800 JavaThread "C2 CompilerThread0" daemon [_thread_blocked, id=2212, stack(0x0000000016da0000,0x0000000016ea0000)]
  0x00000000153fe000 JavaThread "Attach Listener" daemon [_thread_blocked, id=5052, stack(0x0000000016ca0000,0x0000000016da0000)]
  0x00000000167a8800 JavaThread "Signal Dispatcher" daemon [_thread_blocked, id=9152, stack(0x0000000016ba0000,0x0000000016ca0000)]
  0x0000000002d1a000 JavaThread "Finalizer" daemon [_thread_blocked, id=9172, stack(0x0000000016640000,0x0000000016740000)]
  0x0000000002d0f000 JavaThread "Reference Handler" daemon [_thread_blocked, id=11284, stack(0x0000000016540000,0x0000000016640000)]
  0x0000000002a1d800 JavaThread "main" [_thread_blocked, id=7996, stack(0x0000000002b20000,0x0000000002c20000)]

Other Threads:
  0x00000000153b8000 VMThread [stack: 0x0000000016440000,0x0000000016540000] [id=7184]
  0x000000001685d000 WatcherThread [stack: 0x0000000017200000,0x0000000017300000] [id=5112]

VM state:not at safepoint (normal execution)

VM Mutex/Monitor currently owned by a thread: None

Heap:
 PSYoungGen      total 38400K, used 21976K [0x00000000eab00000, 0x00000000ed580000, 0x0000000100000000)
  eden space 33280K, 66% used [0x00000000eab00000,0x00000000ec076280,0x00000000ecb80000)
  from space 5120K, 0% used [0x00000000ed080000,0x00000000ed080000,0x00000000ed580000)
  to   space 5120K, 0% used [0x00000000ecb80000,0x00000000ecb80000,0x00000000ed080000)
 ParOldGen       total 87552K, used 0K [0x00000000c0000000, 0x00000000c5580000, 0x00000000eab00000)
  object space 87552K, 0% used [0x00000000c0000000,0x00000000c0000000,0x00000000c5580000)
 Metaspace       used 5781K, capacity 6832K, committed 7040K, reserved 1056768K
  class space    used 587K, capacity 616K, committed 640K, reserved 1048576K

Card table byte_map: [0x00000000120e0000,0x00000000122f0000] byte_map_base: 0x0000000011ae0000

Marking Bits: (ParMarkBitMap*) 0x00000000717b2f70
 Begin Bits: [0x0000000012850000, 0x0000000013850000)
 End Bits:   [0x0000000013850000, 0x0000000014850000)

Polling page: 0x0000000002640000

CodeCache: size=245760Kb used=4053Kb max_used=4066Kb free=241706Kb
 bounds [0x0000000002d20000, 0x0000000003120000, 0x0000000011d20000]
 total_blobs=1296 nmethods=1033 adapters=176
 compilation: enabled

Compilation events (10 events):
Event: 1.982 Thread 0x00000000167aa800  993       3       com.android.dx.dex.file.EncodedField::addContents (15 bytes)
Event: 1.982 Thread 0x00000000167aa800 nmethod 993 0x00000000030fe4d0 code [0x00000000030fe640, 0x00000000030fe8e8]
Event: 1.983 Thread 0x00000000167aa800  994       3       java.util.TreeMap$PrivateEntryIterator::nextEntry (54 bytes)
Event: 1.984 Thread 0x00000000167aa800 nmethod 994 0x0000000003101dd0 code [0x0000000003101f60, 0x00000000031022e8]
Event: 1.984 Thread 0x00000000167aa800  995       3       java.util.TreeMap::getFirstEntry (26 bytes)
Event: 1.984 Thread 0x00000000167aa800 nmethod 995 0x00000000030f8c50 code [0x00000000030f8dc0, 0x00000000030f8ff0]
Event: 1.984 Thread 0x000000001544a800 nmethod 981 0x0000000003102490 code [0x0000000003102660, 0x0000000003102e30]
Event: 1.984 Thread 0x00000000167aa800  996       3       java.util.TreeMap$PrivateEntryIterator::<init> (28 bytes)
Event: 1.984 Thread 0x000000001544a800  982       4       java.util.HashMap::putVal (300 bytes)
Event: 1.984 Thread 0x00000000167aa800 nmethod 996 0x0000000003101950 code [0x0000000003101ac0, 0x0000000003101cd0]

GC Heap History (0 events):
No events

Deoptimization events (10 events):
Event: 1.702 Thread 0x0000000016a0e800 Uncommon trap: reason=class_check action=maybe_recompile pc=0x0000000002ed6150 method=com.android.dx.rop.cst.CstMemberRef.compareTo0(Lcom/android/dx/rop/cst/Constant;)I @ 1
Event: 1.705 Thread 0x0000000002a1d800 Uncommon trap: reason=unstable_if action=reinterpret pc=0x0000000002f318b8 method=java.util.HashMap.getNode(ILjava/lang/Object;)Ljava/util/HashMap$Node; @ 62
Event: 1.773 Thread 0x0000000016904000 Uncommon trap: reason=unstable_if action=reinterpret pc=0x0000000002ed3554 method=com.android.dx.rop.cst.CstFieldRef.compareTo0(Lcom/android/dx/rop/cst/Constant;)I @ 7
Event: 1.797 Thread 0x0000000016a0e800 Uncommon trap: reason=speculate_class_check action=maybe_recompile pc=0x0000000002fee3c8 method=com.android.dx.rop.cst.Constant.compareTo(Lcom/android/dx/rop/cst/Constant;)I @ 29
Event: 1.798 Thread 0x0000000016a0e800 Uncommon trap: reason=speculate_class_check action=maybe_recompile pc=0x0000000002fee3c8 method=com.android.dx.rop.cst.Constant.compareTo(Lcom/android/dx/rop/cst/Constant;)I @ 29
Event: 1.798 Thread 0x0000000016a0e800 Uncommon trap: reason=speculate_class_check action=maybe_recompile pc=0x0000000002fee3c8 method=com.android.dx.rop.cst.Constant.compareTo(Lcom/android/dx/rop/cst/Constant;)I @ 29
Event: 1.798 Thread 0x0000000016a0e800 Uncommon trap: reason=speculate_class_check action=maybe_recompile pc=0x0000000002fee3c8 method=com.android.dx.rop.cst.Constant.compareTo(Lcom/android/dx/rop/cst/Constant;)I @ 29
Event: 1.984 Thread 0x0000000016904800 Uncommon trap: reason=bimorphic action=maybe_recompile pc=0x0000000002f961a8 method=java.util.HashMap.getNode(ILjava/lang/Object;)Ljava/util/HashMap$Node; @ 126
Event: 1.984 Thread 0x0000000016904800 Uncommon trap: reason=bimorphic action=maybe_recompile pc=0x0000000002f961a8 method=java.util.HashMap.getNode(ILjava/lang/Object;)Ljava/util/HashMap$Node; @ 126
Event: 1.985 Thread 0x0000000016904800 Uncommon trap: reason=bimorphic action=maybe_recompile pc=0x0000000003102d88 method=java.util.HashMap.putVal(ILjava/lang/Object;Ljava/lang/Object;ZZ)Ljava/lang/Object; @ 91

Internal exceptions (3 events):
Event: 0.034 Thread 0x0000000002a1d800 Exception <a 'java/lang/NoSuchMethodError': Method sun.misc.Unsafe.defineClass(Ljava/lang/String;[BII)Ljava/lang/Class; name or signature does not match> (0x00000000eab07cc0) thrown at [C:\re\workspace\8-2-build-windows-amd64-cygwin\jdk8u91\7017\hotspot\sr≤îª@_^°?
Event: 0.034 Thread 0x0000000002a1d800 Exception <a 'java/lang/NoSuchMethodError': Method sun.misc.Unsafe.prefetchRead(Ljava/lang/Object;J)V name or signature does not match> (0x00000000eab07fa8) thrown at [C:\re\workspace\8-2-build-windows-amd64-cygwin\jdk8u91\7017\hotspot\src\share\vm\prims\j„ÿw·Ìπ∆?
Event: 0.178 Thread 0x0000000002a1d800 Exception <a 'java/io/FileNotFoundException'> (0x00000000eaba4cd0) thrown at [C:\re\workspace\8-2-build-windows-amd64-cygwin\jdk8u91\7017\hotspot\src\share\vm\prims\jni.cpp, line 709]

Events (10 events):
Event: 1.978 loading class java/util/TreeMap$EntryIterator done
Event: 1.984 Thread 0x0000000016904800 Uncommon trap: trap_request=0xffffffc6 fr.pc=0x0000000002f961a8
Event: 1.984 Thread 0x0000000016904800 DEOPT PACKING pc=0x0000000002f961a8 sp=0x00000000180feeb0
Event: 1.984 Thread 0x0000000016904800 DEOPT UNPACKING pc=0x0000000002d6582a sp=0x00000000180fedd8 mode 2
Event: 1.984 Thread 0x0000000016904800 Uncommon trap: trap_request=0xffffffc6 fr.pc=0x0000000002f961a8
Event: 1.984 Thread 0x0000000016904800 DEOPT PACKING pc=0x0000000002f961a8 sp=0x00000000180feeb0
Event: 1.984 Thread 0x0000000016904800 DEOPT UNPACKING pc=0x0000000002d6582a sp=0x00000000180fedd8 mode 2
Event: 1.985 Thread 0x0000000016904800 Uncommon trap: trap_request=0xffffffc6 fr.pc=0x0000000003102d88
Event: 1.985 Thread 0x0000000016904800 DEOPT PACKING pc=0x0000000003102d88 sp=0x00000000180fed90
Event: 1.985 Thread 0x0000000016904800 DEOPT UNPACKING pc=0x0000000002d6582a sp=0x00000000180feca0 mode 2


Dynamic libraries:
0x00007ff6a5260000 - 0x00007ff6a5297000 	C:\Program Files\Java\jdk1.8.0_91\bin\java.exe
0x00007ffbe1c60000 - 0x00007ffbe1e21000 	C:\WINDOWS\SYSTEM32\ntdll.dll
0x00007ffbe0200000 - 0x00007ffbe02ad000 	C:\WINDOWS\system32\KERNEL32.DLL
0x00007ffbded70000 - 0x00007ffbdef58000 	C:\WINDOWS\system32\KERNELBASE.dll
0x00007ffbdf840000 - 0x00007ffbdf8e7000 	C:\WINDOWS\system32\ADVAPI32.dll
0x00007ffbdfb20000 - 0x00007ffbdfbbd000 	C:\WINDOWS\system32\msvcrt.dll
0x00007ffbdf8f0000 - 0x00007ffbdf94b000 	C:\WINDOWS\system32\sechost.dll
0x00007ffbdf470000 - 0x00007ffbdf58c000 	C:\WINDOWS\system32\RPCRT4.dll
0x00007ffbdf660000 - 0x00007ffbdf7b6000 	C:\WINDOWS\system32\USER32.dll
0x00007ffbe02b0000 - 0x00007ffbe0436000 	C:\WINDOWS\system32\GDI32.dll
0x00007ffbd6b00000 - 0x00007ffbd6d74000 	C:\WINDOWS\WinSxS\amd64_microsoft.windows.common-controls_6595b64144ccf1df_6.0.10586.589_none_a2ddb3caa539acce\COMCTL32.dll
0x00007ffbdf190000 - 0x00007ffbdf40d000 	C:\WINDOWS\system32\combase.dll
0x00007ffbded00000 - 0x00007ffbded6a000 	C:\WINDOWS\system32\bcryptPrimitives.dll
0x00007ffbe1c20000 - 0x00007ffbe1c5b000 	C:\WINDOWS\system32\IMM32.DLL
0x0000000070be0000 - 0x0000000070cb2000 	C:\Program Files\Java\jdk1.8.0_91\jre\bin\msvcr100.dll
0x0000000070fa0000 - 0x0000000071833000 	C:\Program Files\Java\jdk1.8.0_91\jre\bin\server\jvm.dll
0x00007ffbdf830000 - 0x00007ffbdf838000 	C:\WINDOWS\system32\PSAPI.DLL
0x00007ffbdc570000 - 0x00007ffbdc593000 	C:\WINDOWS\SYSTEM32\WINMM.dll
0x00007ffbd54f0000 - 0x00007ffbd54fa000 	C:\WINDOWS\SYSTEM32\VERSION.dll
0x00007ffbd37f0000 - 0x00007ffbd37f9000 	C:\WINDOWS\SYSTEM32\WSOCK32.dll
0x00007ffbdf7c0000 - 0x00007ffbdf82b000 	C:\WINDOWS\system32\WS2_32.dll
0x00007ffbdc510000 - 0x00007ffbdc53c000 	C:\WINDOWS\SYSTEM32\WINMMBASE.dll
0x00007ffbde380000 - 0x00007ffbde3c3000 	C:\WINDOWS\system32\cfgmgr32.dll
0x0000000071930000 - 0x000000007193f000 	C:\Program Files\Java\jdk1.8.0_91\jre\bin\verify.dll
0x0000000071900000 - 0x0000000071929000 	C:\Program Files\Java\jdk1.8.0_91\jre\bin\java.dll
0x00000000718e0000 - 0x00000000718f6000 	C:\Program Files\Java\jdk1.8.0_91\jre\bin\zip.dll
0x00007ffbe0640000 - 0x00007ffbe1b9c000 	C:\WINDOWS\system32\SHELL32.dll
0x00007ffbde6b0000 - 0x00007ffbdecf5000 	C:\WINDOWS\system32\windows.storage.dll
0x00007ffbe1bc0000 - 0x00007ffbe1c12000 	C:\WINDOWS\system32\shlwapi.dll
0x00007ffbde270000 - 0x00007ffbde27f000 	C:\WINDOWS\system32\kernel.appcore.dll
0x00007ffbdef60000 - 0x00007ffbdf015000 	C:\WINDOWS\system32\shcore.dll
0x00007ffbde280000 - 0x00007ffbde2cb000 	C:\WINDOWS\system32\powrprof.dll
0x00007ffbde2d0000 - 0x00007ffbde2e4000 	C:\WINDOWS\system32\profapi.dll

VM Arguments:
jvm_args: -Djava.awt.headless=true -Xmx1024M -Dfile.encoding=GBK -Duser.country=CN -Duser.language=zh -Duser.variant 
java_command: com.android.dx.command.Main --dex --force-jumbo --num-threads=4 --multi-dex --output E:\androidstudio\androidpara\Paipai\app\build\intermediates\transforms\dex\debug\folders\1000\5\slice_2 E:\androidstudio\androidpara\Paipai\app\build\intermediates\transforms\instantRunSlicer\debug\folders\1\5\slice_2
java_class_path (initial): E:\androidstudio\SDK\build-tools\23.0.3\lib\dx.jar
Launcher Type: SUN_STANDARD

Environment Variables:
JAVA_HOME=C:\Program Files\Java\jdk1.8.0_91
CLASSPATH=. ;C:\Program Files\Java\jre1.8.0_91\jre
PATH=%JAVA_HOME%C:\Program Files\Java\jdk1.7.0_75;C:\ProgramData\Oracle\Java\javapath;C:\Program Files (x86)\NVIDIA Corporation\PhysX\Common;C:\WINDOWS\system32;C:\WINDOWS;C:\WINDOWS\System32\Wbem;C:\WINDOWS\System32\WindowsPowerShell\v1.0\;C:\Program Files (x86)\ATI Technologies\ATI.ACE\Core-Static;C:\Program Files (x86)\Microsoft SQL Server\90\Tools\binn\;C:\Program Files (x86)\Common Files\Thunder Network\KanKan\Codecs;E:\androidstudio\bin;C:\Program Files\TortoiseSVN\bin;C:\Program Files\Java\jdk1.8.0_91\bin
USERNAME=Administrator
OS=Windows_NT
PROCESSOR_IDENTIFIER=Intel64 Family 6 Model 58 Stepping 9, GenuineIntel



---------------  S Y S T E M  ---------------

OS: Windows 10.0 , 64 bit Build 10586 (10.0.10586.589)

CPU:total 4 (2 cores per cpu, 2 threads per core) family 6 model 58 stepping 9, cmov, cx8, fxsr, mmx, sse, sse2, sse3, ssse3, sse4.1, sse4.2, popcnt, avx, aes, clmul, erms, ht, tsc, tscinvbit, tscinv

Memory: 4k page, physical 8281448k(1603656k free), swap 21388900k(3544k free)

vm_info: Java HotSpot(TM) 64-Bit Server VM (25.91-b15) for windows-amd64 JRE (1.8.0_91-b15), built on May 20 2016 17:43:15 by "java_re" with MS VC++ 10.0 (VS2010)

time: Mon Oct 17 21:10:30 2016
elapsed time: 2 seconds (0d 0h 0m 2s)

